[2015-02-14 11:15:57] production.ERROR: exception 'Symfony\Component\HttpKernel\Exception\NotFoundHttpException' in C:\xampp\htdocs\calavera-project\bootstrap\compiled.php:5738
Stack trace:
#0 C:\xampp\htdocs\calavera-project\bootstrap\compiled.php(5060): Illuminate\Routing\RouteCollection->match(Object(Illuminate\Http\Request))
#1 C:\xampp\htdocs\calavera-project\bootstrap\compiled.php(5048): Illuminate\Routing\Router->findRoute(Object(Illuminate\Http\Request))
#2 C:\xampp\htdocs\calavera-project\bootstrap\compiled.php(5040): Illuminate\Routing\Router->dispatchToRoute(Object(Illuminate\Http\Request))
#3 C:\xampp\htdocs\calavera-project\bootstrap\compiled.php(715): Illuminate\Routing\Router->dispatch(Object(Illuminate\Http\Request))
#4 C:\xampp\htdocs\calavera-project\bootstrap\compiled.php(696): Illuminate\Foundation\Application->dispatch(Object(Illuminate\Http\Request))
#5 C:\xampp\htdocs\calavera-project\bootstrap\compiled.php(7812): Illuminate\Foundation\Application->handle(Object(Illuminate\Http\Request), 1, true)
#6 C:\xampp\htdocs\calavera-project\bootstrap\compiled.php(8419): Illuminate\Session\Middleware->handle(Object(Illuminate\Http\Request), 1, true)
#7 C:\xampp\htdocs\calavera-project\bootstrap\compiled.php(8366): Illuminate\Cookie\Queue->handle(Object(Illuminate\Http\Request), 1, true)
#8 C:\xampp\htdocs\calavera-project\bootstrap\compiled.php(11029): Illuminate\Cookie\Guard->handle(Object(Illuminate\Http\Request), 1, true)
#9 C:\xampp\htdocs\calavera-project\bootstrap\compiled.php(657): Stack\StackedHttpKernel->handle(Object(Illuminate\Http\Request))
#10 C:\xampp\htdocs\calavera-project\public\index.php(49): Illuminate\Foundation\Application->run()
#11 {main} [] []
[2015-02-14 11:16:04] production.ERROR: exception 'Symfony\Component\HttpKernel\Exception\NotFoundHttpException' in C:\xampp\htdocs\calavera-project\bootstrap\compiled.php:5738
Stack trace:
#0 C:\xampp\htdocs\calavera-project\bootstrap\compiled.php(5060): Illuminate\Routing\RouteCollection->match(Object(Illuminate\Http\Request))
#1 C:\xampp\htdocs\calavera-project\bootstrap\compiled.php(5048): Illuminate\Routing\Router->findRoute(Object(Illuminate\Http\Request))
#2 C:\xampp\htdocs\calavera-project\bootstrap\compiled.php(5040): Illuminate\Routing\Router->dispatchToRoute(Object(Illuminate\Http\Request))
#3 C:\xampp\htdocs\calavera-project\bootstrap\compiled.php(715): Illuminate\Routing\Router->dispatch(Object(Illuminate\Http\Request))
#4 C:\xampp\htdocs\calavera-project\bootstrap\compiled.php(696): Illuminate\Foundation\Application->dispatch(Object(Illuminate\Http\Request))
#5 C:\xampp\htdocs\calavera-project\bootstrap\compiled.php(7812): Illuminate\Foundation\Application->handle(Object(Illuminate\Http\Request), 1, true)
#6 C:\xampp\htdocs\calavera-project\bootstrap\compiled.php(8419): Illuminate\Session\Middleware->handle(Object(Illuminate\Http\Request), 1, true)
#7 C:\xampp\htdocs\calavera-project\bootstrap\compiled.php(8366): Illuminate\Cookie\Queue->handle(Object(Illuminate\Http\Request), 1, true)
#8 C:\xampp\htdocs\calavera-project\bootstrap\compiled.php(11029): Illuminate\Cookie\Guard->handle(Object(Illuminate\Http\Request), 1, true)
#9 C:\xampp\htdocs\calavera-project\bootstrap\compiled.php(657): Stack\StackedHttpKernel->handle(Object(Illuminate\Http\Request))
#10 C:\xampp\htdocs\calavera-project\public\index.php(49): Illuminate\Foundation\Application->run()
#11 {main} [] []
